Level,Date and Time,Source,Event ID,Task Category
"Information,4/18/2017 11:04:52 AM,Microsoft-Windows-PrintService,307,Printing a document,""Document 161, Протокол № 7 собрания участников  от 21052014.pdf owned by user4 on pc4 was printed on Kyocera FS-6525MFP KX through port 10.0.0.26.  Size in bytes: 929619. Pages printed: 2. No user action is required."""
"Information,4/21/2017 10:29:38 AM,Microsoft-Windows-PrintService,307,Printing a document,""Document 129, Копия Выплаты_январь.xlsx owned by user7 on pc7 was printed on HP LaserJet M401 through port 10.0.2.4.  Size in bytes: 63254. Pages printed: 1. No user action is required."""
"Information,4/21/2017 12:19:15 PM,Microsoft-Windows-PrintService,307,Printing a document,""Document 170, Microsoft Word - декабрь 16 owned by user4 on pc4 was printed on Kyocera FS-6525MFP KX through port 10.0.0.26.  Size in bytes: 53094. Pages printed: 1. No user action is required."""
"Information,4/21/2017 12:18:22 PM,Microsoft-Windows-PrintService,307,Printing a document,""Document 169, Microsoft Word - иск owned by user4 on pc4 was printed on Kyocera FS-6525MFP KX through port 10.0.0.26.  Size in bytes: 114410. Pages printed: 1. No user action is required."""
"Information,4/21/2017 12:16:17 PM,Microsoft-Windows-PrintService,307,Printing a document,""Document 168, https://abc.ru/v6/ owned by user9 on pc9 was printed on HP LaserJet M401 through port 10.0.0.24.  Size in bytes: 67619. Pages printed: 1. No user action is required."""
